<?xml version="1.0" encoding="UTF-8"?>
<!-- Generated by org.testng.reporters.JUnitXMLReporter -->
<testsuite ignored="0" hostname="LAPTOP-TPUJHBBQ" failures="0" tests="3" name="Default test" time="32.878" errors="0" timestamp="2020-10-30T13:12:48 IST">
  <testcase classname="Bankingandgeneralledger.GLBankAccountTest" name="Login" time="0.959"/>
  <testcase classname="Bankingandgeneralledger.GLBankAccountTest" name="AddBankAccounts" time="24.459"/>
  <testcase classname="Bankingandgeneralledger.GLBankAccountTest" name="Logout" time="0.327"/>
</testsuite> <!-- Default test -->
