<?xml version="1.0" encoding="UTF-8"?>
<!-- Generated by org.testng.reporters.JUnitXMLReporter -->
<testsuite ignored="0" hostname="LAPTOP-TPUJHBBQ" failures="0" tests="3" name="Default test" time="22.969" errors="0" timestamp="2020-10-20T15:31:13 IST">
  <testcase classname="Bankingandgeneralledger.GLAccountTest" name="login" time="1.34"/>
  <testcase classname="Bankingandgeneralledger.GLAccountTest" name="AddGLAccount" time="14.155"/>
  <testcase classname="Bankingandgeneralledger.GLAccountTest" name="Logout" time="0.471"/>
</testsuite> <!-- Default test -->
