<?xml version="1.0" encoding="UTF-8"?>
<!-- Generated by org.testng.reporters.JUnitXMLReporter -->
<testsuite ignored="0" hostname="LAPTOP-TPUJHBBQ" failures="0" tests="17" name="Test" time="132.684" errors="0" timestamp="2020-10-15T19:14:50 IST">
  <testcase classname="inventory.InventoryLocationsTest" name="Login" time="3.712"/>
  <testcase classname="inventory.InventoryLocationsTest" name="Inventorylocation" time="7.709"/>
  <testcase classname="inventory.InventoryLocationsTest" name="Logout" time="0.321"/>
  <testcase classname="inventory.UnitsMeasureTest" name="Login" time="1.223"/>
  <testcase classname="inventory.UnitsMeasureTest" name="AddUnitofMeasure" time="5.672"/>
  <testcase classname="inventory.UnitsMeasureTest" name="Logout" time="0.649"/>
  <testcase classname="fmpack.LoginTest" name="Login" time="3.623"/>
  <testcase classname="fmpack.LoginTest" name="Login" time="12.431"/>
  <testcase classname="salespack.SalesAreasTest" name="Login" time="3.824"/>
  <testcase classname="salespack.SalesAreasTest" name="SalesArea" time="9.858"/>
  <testcase classname="salespack.SalesAreasTest" name="Logout" time="0.547"/>
  <testcase classname="salespack.SalespersonTest" name="Login" time="1.351"/>
  <testcase classname="salespack.SalespersonTest" name="AddSalesPersons" time="6.794"/>
  <testcase classname="salespack.SalespersonTest" name="Logout" time="0.825"/>
  <testcase classname="salespack.SalesTypeTest" name="Login" time="4.083"/>
  <testcase classname="salespack.SalesTypeTest" name="Addsalestype" time="11.913"/>
  <testcase classname="salespack.SalesTypeTest" name="Logout" time="4.29"/>
</testsuite> <!-- Test -->
