<?xml version="1.0" encoding="UTF-8"?>
<!-- Generated by org.testng.reporters.JUnitXMLReporter -->
<testsuite ignored="0" hostname="LAPTOP-TPUJHBBQ" failures="0" tests="17" name="Test" time="123.733" errors="0" timestamp="2020-10-15T15:34:33 IST">
  <testcase classname="inventory.InventoryLocationsTest" name="Login" time="3.868"/>
  <testcase classname="inventory.InventoryLocationsTest" name="Inventorylocation" time="7.435"/>
  <testcase classname="inventory.InventoryLocationsTest" name="Logout" time="0.383"/>
  <testcase classname="inventory.UnitsMeasureTest" name="Login" time="0.852"/>
  <testcase classname="inventory.UnitsMeasureTest" name="AddUnitofMeasure" time="5.291"/>
  <testcase classname="inventory.UnitsMeasureTest" name="Logout" time="0.375"/>
  <testcase classname="fmpack.LoginTest" name="Login" time="4.182"/>
  <testcase classname="fmpack.LoginTest" name="Login" time="12.422"/>
  <testcase classname="salespack.SalesAreasTest" name="Login" time="4.025"/>
  <testcase classname="salespack.SalesAreasTest" name="SalesArea" time="9.415"/>
  <testcase classname="salespack.SalesAreasTest" name="Logout" time="0.5"/>
  <testcase classname="salespack.SalespersonTest" name="Login" time="1.696"/>
  <testcase classname="salespack.SalespersonTest" name="AddSalesPersons" time="5.692"/>
  <testcase classname="salespack.SalespersonTest" name="Logout" time="0.264"/>
  <testcase classname="salespack.SalesTypeTest" name="Login" time="4.308"/>
  <testcase classname="salespack.SalesTypeTest" name="Addsalestype" time="10.425"/>
  <testcase classname="salespack.SalesTypeTest" name="Logout" time="3.502"/>
</testsuite> <!-- Test -->
