<?xml version="1.0" encoding="UTF-8"?>
<!-- Generated by org.testng.reporters.JUnitXMLReporter -->
<testsuite ignored="0" hostname="LAPTOP-TPUJHBBQ" failures="0" tests="20" name="Test" time="171.701" errors="0" timestamp="2020-10-21T15:26:22 IST">
  <testcase classname="inventory.InventoryLocationsTest" name="Login" time="3.704"/>
  <testcase classname="inventory.InventoryLocationsTest" name="Inventorylocation" time="11.654"/>
  <testcase classname="inventory.InventoryLocationsTest" name="Logout" time="0.56"/>
  <testcase classname="inventory.UnitsMeasureTest" name="Login" time="2.11"/>
  <testcase classname="inventory.UnitsMeasureTest" name="AddUnitofMeasure" time="5.43"/>
  <testcase classname="inventory.UnitsMeasureTest" name="Logout" time="0.434"/>
  <testcase classname="fmpack.LoginTest" name="Login" time="4.168"/>
  <testcase classname="fmpack.LoginTest" name="Login" time="12.804"/>
  <testcase classname="Bankingandgeneralledger.GLAccountTest" name="login" time="1.792"/>
  <testcase classname="Bankingandgeneralledger.GLAccountTest" name="AddGLAccount" time="15.085"/>
  <testcase classname="Bankingandgeneralledger.GLAccountTest" name="Logout" time="0.46"/>
  <testcase classname="salespack.SalesAreasTest" name="Login" time="4.721"/>
  <testcase classname="salespack.SalesAreasTest" name="SalesArea" time="9.552"/>
  <testcase classname="salespack.SalesAreasTest" name="Logout" time="0.777"/>
  <testcase classname="salespack.SalespersonTest" name="Login" time="1.53"/>
  <testcase classname="salespack.SalespersonTest" name="AddSalesPersons" time="6.538"/>
  <testcase classname="salespack.SalespersonTest" name="Logout" time="0.718"/>
  <testcase classname="salespack.SalesTypeTest" name="Login" time="8.059"/>
  <testcase classname="salespack.SalesTypeTest" name="Addsalestype" time="11.239"/>
  <testcase classname="salespack.SalesTypeTest" name="Logout" time="3.601"/>
</testsuite> <!-- Test -->
