<?xml version="1.0" encoding="UTF-8"?>
<testng-results ignored="0" total="20" passed="20" failed="0" skipped="0">
  <reporter-output>
  </reporter-output>
  <suite started-at="2020-10-21T15:23:30 IST" name="Suite" finished-at="2020-10-21T15:26:22 IST" duration-ms="171701">
    <groups>
    </groups>
    <test started-at="2020-10-21T15:23:30 IST" name="Test" finished-at="2020-10-21T15:26:22 IST" duration-ms="171701">
      <class name="salespack.SalesTypeTest">
        <test-method is-config="true" signature="Launchapplication()[pri:0, instance:salespack.SalesTypeTest@37858383]" started-at="2020-10-21T15:25:51 IST" name="Launchapplication" finished-at="2020-10-21T15:25:59 IST" duration-ms="8031" status="PASS">
          <reporter-output>
          </reporter-output>
        </test-method> <!-- Launchapplication -->
        <test-method signature="Login()[pri:1, instance:salespack.SalesTypeTest@37858383]" started-at="2020-10-21T15:25:59 IST" name="Login" finished-at="2020-10-21T15:26:07 IST" duration-ms="8059" status="PASS">
          <reporter-output>
          </reporter-output>
        </test-method> <!-- Login -->
        <test-method signature="Addsalestype()[pri:2, instance:salespack.SalesTypeTest@37858383]" started-at="2020-10-21T15:26:07 IST" name="Addsalestype" finished-at="2020-10-21T15:26:18 IST" duration-ms="11239" status="PASS">
          <reporter-output>
          </reporter-output>
        </test-method> <!-- Addsalestype -->
        <test-method signature="Logout()[pri:3, instance:salespack.SalesTypeTest@37858383]" started-at="2020-10-21T15:26:18 IST" name="Logout" finished-at="2020-10-21T15:26:22 IST" duration-ms="3601" status="PASS">
          <reporter-output>
          </reporter-output>
        </test-method> <!-- Logout -->
        <test-method is-config="true" signature="teardown()[pri:0, instance:salespack.SalesTypeTest@37858383]" started-at="2020-10-21T15:26:22 IST" name="teardown" finished-at="2020-10-21T15:26:22 IST" duration-ms="65" status="PASS">
          <reporter-output>
          </reporter-output>
        </test-method> <!-- teardown -->
      </class> <!-- salespack.SalesTypeTest -->
      <class name="inventory.UnitsMeasureTest">
        <test-method is-config="true" signature="Launchapplication()[pri:0, instance:inventory.UnitsMeasureTest@524d6d96]" started-at="2020-10-21T15:23:54 IST" name="Launchapplication" finished-at="2020-10-21T15:24:01 IST" duration-ms="6841" status="PASS">
          <reporter-output>
          </reporter-output>
        </test-method> <!-- Launchapplication -->
        <test-method signature="Login()[pri:1, instance:inventory.UnitsMeasureTest@524d6d96]" started-at="2020-10-21T15:24:01 IST" name="Login" finished-at="2020-10-21T15:24:03 IST" duration-ms="2110" status="PASS">
          <reporter-output>
          </reporter-output>
        </test-method> <!-- Login -->
        <test-method signature="AddUnitofMeasure()[pri:2, instance:inventory.UnitsMeasureTest@524d6d96]" started-at="2020-10-21T15:24:03 IST" name="AddUnitofMeasure" finished-at="2020-10-21T15:24:08 IST" duration-ms="5430" status="PASS">
          <reporter-output>
          </reporter-output>
        </test-method> <!-- AddUnitofMeasure -->
        <test-method signature="Logout()[pri:3, instance:inventory.UnitsMeasureTest@524d6d96]" started-at="2020-10-21T15:24:08 IST" name="Logout" finished-at="2020-10-21T15:24:09 IST" duration-ms="434" status="PASS">
          <reporter-output>
          </reporter-output>
        </test-method> <!-- Logout -->
        <test-method is-config="true" signature="closure()[pri:0, instance:inventory.UnitsMeasureTest@524d6d96]" started-at="2020-10-21T15:24:09 IST" name="closure" finished-at="2020-10-21T15:24:09 IST" duration-ms="67" status="PASS">
          <reporter-output>
          </reporter-output>
        </test-method> <!-- closure -->
      </class> <!-- inventory.UnitsMeasureTest -->
      <class name="fmpack.LoginTest">
        <test-method is-config="true" signature="Launchapplication()[pri:0, instance:fmpack.LoginTest@152aa092]" started-at="2020-10-21T15:24:09 IST" name="Launchapplication" finished-at="2020-10-21T15:24:22 IST" duration-ms="12936" status="PASS">
          <reporter-output>
          </reporter-output>
        </test-method> <!-- Launchapplication -->
        <test-method signature="Login(java.lang.String, java.lang.String, java.lang.String)[pri:0, instance:fmpack.LoginTest@152aa092]" started-at="2020-10-21T15:24:22 IST" name="Login" data-provider="logindata" finished-at="2020-10-21T15:24:26 IST" duration-ms="4168" status="PASS">
          <params>
            <param index="0">
              <value>
                <![CDATA[qaplanet1]]>
              </value>
            </param>
            <param index="1">
              <value>
                <![CDATA[lab1]]>
              </value>
            </param>
            <param index="2">
              <value>
                <![CDATA[Succesful]]>
              </value>
            </param>
          </params>
          <reporter-output>
          </reporter-output>
        </test-method> <!-- Login -->
        <test-method is-config="true" signature="teardown()[pri:0, instance:fmpack.LoginTest@152aa092]" started-at="2020-10-21T15:24:26 IST" name="teardown" finished-at="2020-10-21T15:24:26 IST" duration-ms="119" status="PASS">
          <reporter-output>
          </reporter-output>
        </test-method> <!-- teardown -->
        <test-method is-config="true" signature="Launchapplication()[pri:0, instance:fmpack.LoginTest@152aa092]" started-at="2020-10-21T15:24:26 IST" name="Launchapplication" finished-at="2020-10-21T15:24:37 IST" duration-ms="10399" status="PASS">
          <reporter-output>
          </reporter-output>
        </test-method> <!-- Launchapplication -->
        <test-method signature="Login(java.lang.String, java.lang.String, java.lang.String)[pri:0, instance:fmpack.LoginTest@152aa092]" started-at="2020-10-21T15:24:37 IST" name="Login" data-provider="logindata" finished-at="2020-10-21T15:24:49 IST" duration-ms="12804" status="PASS">
          <params>
            <param index="0">
              <value>
                <![CDATA[qaplanet1]]>
              </value>
            </param>
            <param index="1">
              <value>
                <![CDATA[lab]]>
              </value>
            </param>
            <param index="2">
              <value>
                <![CDATA[failure]]>
              </value>
            </param>
          </params>
          <reporter-output>
          </reporter-output>
        </test-method> <!-- Login -->
        <test-method is-config="true" signature="teardown()[pri:0, instance:fmpack.LoginTest@152aa092]" started-at="2020-10-21T15:24:49 IST" name="teardown" finished-at="2020-10-21T15:24:49 IST" duration-ms="79" status="PASS">
          <reporter-output>
          </reporter-output>
        </test-method> <!-- teardown -->
      </class> <!-- fmpack.LoginTest -->
      <class name="Bankingandgeneralledger.GLAccountTest">
        <test-method is-config="true" signature="Launchbrowser()[pri:0, instance:Bankingandgeneralledger.GLAccountTest@44a7bfbc]" started-at="2020-10-21T15:24:49 IST" name="Launchbrowser" finished-at="2020-10-21T15:24:56 IST" duration-ms="6634" status="PASS">
          <reporter-output>
          </reporter-output>
        </test-method> <!-- Launchbrowser -->
        <test-method signature="login()[pri:1, instance:Bankingandgeneralledger.GLAccountTest@44a7bfbc]" started-at="2020-10-21T15:24:56 IST" name="login" finished-at="2020-10-21T15:24:58 IST" duration-ms="1792" status="PASS">
          <reporter-output>
          </reporter-output>
        </test-method> <!-- login -->
        <test-method signature="AddGLAccount()[pri:2, instance:Bankingandgeneralledger.GLAccountTest@44a7bfbc]" started-at="2020-10-21T15:24:58 IST" name="AddGLAccount" finished-at="2020-10-21T15:25:13 IST" duration-ms="15085" status="PASS">
          <reporter-output>
          </reporter-output>
        </test-method> <!-- AddGLAccount -->
        <test-method signature="Logout()[pri:3, instance:Bankingandgeneralledger.GLAccountTest@44a7bfbc]" started-at="2020-10-21T15:25:13 IST" name="Logout" finished-at="2020-10-21T15:25:13 IST" duration-ms="460" status="PASS">
          <reporter-output>
          </reporter-output>
        </test-method> <!-- Logout -->
        <test-method is-config="true" signature="teardown()[pri:0, instance:Bankingandgeneralledger.GLAccountTest@44a7bfbc]" started-at="2020-10-21T15:25:13 IST" name="teardown" finished-at="2020-10-21T15:25:14 IST" duration-ms="131" status="PASS">
          <reporter-output>
          </reporter-output>
        </test-method> <!-- teardown -->
      </class> <!-- Bankingandgeneralledger.GLAccountTest -->
      <class name="salespack.SalesAreasTest">
        <test-method is-config="true" signature="Launchapplication()[pri:0, instance:salespack.SalesAreasTest@4ef37659]" started-at="2020-10-21T15:25:14 IST" name="Launchapplication" finished-at="2020-10-21T15:25:20 IST" duration-ms="6722" status="PASS">
          <reporter-output>
          </reporter-output>
        </test-method> <!-- Launchapplication -->
        <test-method signature="Login()[pri:1, instance:salespack.SalesAreasTest@4ef37659]" started-at="2020-10-21T15:25:20 IST" name="Login" finished-at="2020-10-21T15:25:25 IST" duration-ms="4721" status="PASS">
          <reporter-output>
          </reporter-output>
        </test-method> <!-- Login -->
        <test-method signature="SalesArea()[pri:2, instance:salespack.SalesAreasTest@4ef37659]" started-at="2020-10-21T15:25:25 IST" name="SalesArea" finished-at="2020-10-21T15:25:35 IST" duration-ms="9552" status="PASS">
          <reporter-output>
          </reporter-output>
        </test-method> <!-- SalesArea -->
        <test-method signature="Logout()[pri:3, instance:salespack.SalesAreasTest@4ef37659]" started-at="2020-10-21T15:25:35 IST" name="Logout" finished-at="2020-10-21T15:25:35 IST" duration-ms="777" status="PASS">
          <reporter-output>
          </reporter-output>
        </test-method> <!-- Logout -->
        <test-method is-config="true" signature="closure()[pri:0, instance:salespack.SalesAreasTest@4ef37659]" started-at="2020-10-21T15:25:35 IST" name="closure" finished-at="2020-10-21T15:25:35 IST" duration-ms="74" status="PASS">
          <reporter-output>
          </reporter-output>
        </test-method> <!-- closure -->
      </class> <!-- salespack.SalesAreasTest -->
      <class name="inventory.InventoryLocationsTest">
        <test-method is-config="true" signature="Launchapplication()[pri:0, instance:inventory.InventoryLocationsTest@2525ff7e]" started-at="2020-10-21T15:23:30 IST" name="Launchapplication" finished-at="2020-10-21T15:23:38 IST" duration-ms="7802" status="PASS">
          <reporter-output>
          </reporter-output>
        </test-method> <!-- Launchapplication -->
        <test-method signature="Login()[pri:1, instance:inventory.InventoryLocationsTest@2525ff7e]" started-at="2020-10-21T15:23:38 IST" name="Login" finished-at="2020-10-21T15:23:42 IST" duration-ms="3704" status="PASS">
          <reporter-output>
          </reporter-output>
        </test-method> <!-- Login -->
        <test-method signature="Inventorylocation()[pri:2, instance:inventory.InventoryLocationsTest@2525ff7e]" started-at="2020-10-21T15:23:42 IST" name="Inventorylocation" finished-at="2020-10-21T15:23:53 IST" duration-ms="11654" status="PASS">
          <reporter-output>
          </reporter-output>
        </test-method> <!-- Inventorylocation -->
        <test-method signature="Logout()[pri:3, instance:inventory.InventoryLocationsTest@2525ff7e]" started-at="2020-10-21T15:23:53 IST" name="Logout" finished-at="2020-10-21T15:23:54 IST" duration-ms="560" status="PASS">
          <reporter-output>
          </reporter-output>
        </test-method> <!-- Logout -->
        <test-method is-config="true" signature="closure()[pri:0, instance:inventory.InventoryLocationsTest@2525ff7e]" started-at="2020-10-21T15:23:54 IST" name="closure" finished-at="2020-10-21T15:23:54 IST" duration-ms="82" status="PASS">
          <reporter-output>
          </reporter-output>
        </test-method> <!-- closure -->
      </class> <!-- inventory.InventoryLocationsTest -->
      <class name="salespack.SalespersonTest">
        <test-method is-config="true" signature="Launchapplication()[pri:0, instance:salespack.SalespersonTest@776b83cc]" started-at="2020-10-21T15:25:35 IST" name="Launchapplication" finished-at="2020-10-21T15:25:42 IST" duration-ms="6592" status="PASS">
          <reporter-output>
          </reporter-output>
        </test-method> <!-- Launchapplication -->
        <test-method signature="Login()[pri:1, instance:salespack.SalespersonTest@776b83cc]" started-at="2020-10-21T15:25:42 IST" name="Login" finished-at="2020-10-21T15:25:44 IST" duration-ms="1530" status="PASS">
          <reporter-output>
          </reporter-output>
        </test-method> <!-- Login -->
        <test-method signature="AddSalesPersons()[pri:2, instance:salespack.SalespersonTest@776b83cc]" started-at="2020-10-21T15:25:44 IST" name="AddSalesPersons" finished-at="2020-10-21T15:25:50 IST" duration-ms="6538" status="PASS">
          <reporter-output>
          </reporter-output>
        </test-method> <!-- AddSalesPersons -->
        <test-method signature="Logout()[pri:3, instance:salespack.SalespersonTest@776b83cc]" started-at="2020-10-21T15:25:50 IST" name="Logout" finished-at="2020-10-21T15:25:51 IST" duration-ms="718" status="PASS">
          <reporter-output>
          </reporter-output>
        </test-method> <!-- Logout -->
        <test-method is-config="true" signature="teardown()[pri:0, instance:salespack.SalespersonTest@776b83cc]" started-at="2020-10-21T15:25:51 IST" name="teardown" finished-at="2020-10-21T15:25:51 IST" duration-ms="130" status="PASS">
          <reporter-output>
          </reporter-output>
        </test-method> <!-- teardown -->
      </class> <!-- salespack.SalespersonTest -->
    </test> <!-- Test -->
  </suite> <!-- Suite -->
</testng-results>
