<?xml version="1.0" encoding="UTF-8"?>
<testng-results ignored="0" total="17" passed="17" failed="0" skipped="0">
  <reporter-output>
  </reporter-output>
  <suite started-at="2020-10-15T15:32:29 IST" name="Suite" finished-at="2020-10-15T15:34:33 IST" duration-ms="123733">
    <groups>
    </groups>
    <test started-at="2020-10-15T15:32:29 IST" name="Test" finished-at="2020-10-15T15:34:33 IST" duration-ms="123733">
      <class name="inventory.UnitsMeasureTest">
        <test-method is-config="true" signature="Launchapplication()[pri:0, instance:inventory.UnitsMeasureTest@5ace1ed4]" started-at="2020-10-15T15:32:48 IST" name="Launchapplication" finished-at="2020-10-15T15:32:53 IST" duration-ms="5835" status="PASS">
          <reporter-output>
          </reporter-output>
        </test-method> <!-- Launchapplication -->
        <test-method signature="Login()[pri:1, instance:inventory.UnitsMeasureTest@5ace1ed4]" started-at="2020-10-15T15:32:53 IST" name="Login" finished-at="2020-10-15T15:32:54 IST" duration-ms="852" status="PASS">
          <reporter-output>
          </reporter-output>
        </test-method> <!-- Login -->
        <test-method signature="AddUnitofMeasure()[pri:2, instance:inventory.UnitsMeasureTest@5ace1ed4]" started-at="2020-10-15T15:32:54 IST" name="AddUnitofMeasure" finished-at="2020-10-15T15:33:00 IST" duration-ms="5291" status="PASS">
          <reporter-output>
          </reporter-output>
        </test-method> <!-- AddUnitofMeasure -->
        <test-method signature="Logout()[pri:3, instance:inventory.UnitsMeasureTest@5ace1ed4]" started-at="2020-10-15T15:33:00 IST" name="Logout" finished-at="2020-10-15T15:33:00 IST" duration-ms="375" status="PASS">
          <reporter-output>
          </reporter-output>
        </test-method> <!-- Logout -->
        <test-method is-config="true" signature="closure()[pri:0, instance:inventory.UnitsMeasureTest@5ace1ed4]" started-at="2020-10-15T15:33:00 IST" name="closure" finished-at="2020-10-15T15:33:00 IST" duration-ms="42" status="PASS">
          <reporter-output>
          </reporter-output>
        </test-method> <!-- closure -->
      </class> <!-- inventory.UnitsMeasureTest -->
      <class name="salespack.SalesTypeTest">
        <test-method is-config="true" signature="Launchapplication()[pri:0, instance:salespack.SalesTypeTest@649bec2e]" started-at="2020-10-15T15:34:08 IST" name="Launchapplication" finished-at="2020-10-15T15:34:14 IST" duration-ms="6034" status="PASS">
          <reporter-output>
          </reporter-output>
        </test-method> <!-- Launchapplication -->
        <test-method signature="Login()[pri:1, instance:salespack.SalesTypeTest@649bec2e]" started-at="2020-10-15T15:34:14 IST" name="Login" finished-at="2020-10-15T15:34:19 IST" duration-ms="4308" status="PASS">
          <reporter-output>
          </reporter-output>
        </test-method> <!-- Login -->
        <test-method signature="Addsalestype()[pri:2, instance:salespack.SalesTypeTest@649bec2e]" started-at="2020-10-15T15:34:19 IST" name="Addsalestype" finished-at="2020-10-15T15:34:29 IST" duration-ms="10425" status="PASS">
          <reporter-output>
          </reporter-output>
        </test-method> <!-- Addsalestype -->
        <test-method signature="Logout()[pri:3, instance:salespack.SalesTypeTest@649bec2e]" started-at="2020-10-15T15:34:29 IST" name="Logout" finished-at="2020-10-15T15:34:32 IST" duration-ms="3502" status="PASS">
          <reporter-output>
          </reporter-output>
        </test-method> <!-- Logout -->
        <test-method is-config="true" signature="teardown()[pri:0, instance:salespack.SalesTypeTest@649bec2e]" started-at="2020-10-15T15:34:32 IST" name="teardown" finished-at="2020-10-15T15:34:33 IST" duration-ms="39" status="PASS">
          <reporter-output>
          </reporter-output>
        </test-method> <!-- teardown -->
      </class> <!-- salespack.SalesTypeTest -->
      <class name="fmpack.LoginTest">
        <test-method is-config="true" signature="Launchapplication()[pri:0, instance:fmpack.LoginTest@1613674b]" started-at="2020-10-15T15:33:00 IST" name="Launchapplication" finished-at="2020-10-15T15:33:09 IST" duration-ms="8836" status="PASS">
          <reporter-output>
          </reporter-output>
        </test-method> <!-- Launchapplication -->
        <test-method signature="Login(java.lang.String, java.lang.String, java.lang.String)[pri:0, instance:fmpack.LoginTest@1613674b]" started-at="2020-10-15T15:33:09 IST" name="Login" data-provider="logindata" finished-at="2020-10-15T15:33:13 IST" duration-ms="4182" status="PASS">
          <params>
            <param index="0">
              <value>
                <![CDATA[qaplanet1]]>
              </value>
            </param>
            <param index="1">
              <value>
                <![CDATA[lab1]]>
              </value>
            </param>
            <param index="2">
              <value>
                <![CDATA[Succesful]]>
              </value>
            </param>
          </params>
          <reporter-output>
          </reporter-output>
        </test-method> <!-- Login -->
        <test-method is-config="true" signature="teardown()[pri:0, instance:fmpack.LoginTest@1613674b]" started-at="2020-10-15T15:33:13 IST" name="teardown" finished-at="2020-10-15T15:33:13 IST" duration-ms="42" status="PASS">
          <reporter-output>
          </reporter-output>
        </test-method> <!-- teardown -->
        <test-method is-config="true" signature="Launchapplication()[pri:0, instance:fmpack.LoginTest@1613674b]" started-at="2020-10-15T15:33:13 IST" name="Launchapplication" finished-at="2020-10-15T15:33:22 IST" duration-ms="8883" status="PASS">
          <reporter-output>
          </reporter-output>
        </test-method> <!-- Launchapplication -->
        <test-method signature="Login(java.lang.String, java.lang.String, java.lang.String)[pri:0, instance:fmpack.LoginTest@1613674b]" started-at="2020-10-15T15:33:22 IST" name="Login" data-provider="logindata" finished-at="2020-10-15T15:33:34 IST" duration-ms="12422" status="PASS">
          <params>
            <param index="0">
              <value>
                <![CDATA[qaplanet1]]>
              </value>
            </param>
            <param index="1">
              <value>
                <![CDATA[lab]]>
              </value>
            </param>
            <param index="2">
              <value>
                <![CDATA[failure]]>
              </value>
            </param>
          </params>
          <reporter-output>
          </reporter-output>
        </test-method> <!-- Login -->
        <test-method is-config="true" signature="teardown()[pri:0, instance:fmpack.LoginTest@1613674b]" started-at="2020-10-15T15:33:34 IST" name="teardown" finished-at="2020-10-15T15:33:34 IST" duration-ms="48" status="PASS">
          <reporter-output>
          </reporter-output>
        </test-method> <!-- teardown -->
      </class> <!-- fmpack.LoginTest -->
      <class name="salespack.SalesAreasTest">
        <test-method is-config="true" signature="Launchapplication()[pri:0, instance:salespack.SalesAreasTest@27ff5d15]" started-at="2020-10-15T15:33:34 IST" name="Launchapplication" finished-at="2020-10-15T15:33:40 IST" duration-ms="5921" status="PASS">
          <reporter-output>
          </reporter-output>
        </test-method> <!-- Launchapplication -->
        <test-method signature="Login()[pri:1, instance:salespack.SalesAreasTest@27ff5d15]" started-at="2020-10-15T15:33:40 IST" name="Login" finished-at="2020-10-15T15:33:44 IST" duration-ms="4025" status="PASS">
          <reporter-output>
          </reporter-output>
        </test-method> <!-- Login -->
        <test-method signature="SalesArea()[pri:2, instance:salespack.SalesAreasTest@27ff5d15]" started-at="2020-10-15T15:33:44 IST" name="SalesArea" finished-at="2020-10-15T15:33:54 IST" duration-ms="9415" status="PASS">
          <reporter-output>
          </reporter-output>
        </test-method> <!-- SalesArea -->
        <test-method signature="Logout()[pri:3, instance:salespack.SalesAreasTest@27ff5d15]" started-at="2020-10-15T15:33:54 IST" name="Logout" finished-at="2020-10-15T15:33:54 IST" duration-ms="500" status="PASS">
          <reporter-output>
          </reporter-output>
        </test-method> <!-- Logout -->
        <test-method is-config="true" signature="closure()[pri:0, instance:salespack.SalesAreasTest@27ff5d15]" started-at="2020-10-15T15:33:54 IST" name="closure" finished-at="2020-10-15T15:33:54 IST" duration-ms="78" status="PASS">
          <reporter-output>
          </reporter-output>
        </test-method> <!-- closure -->
      </class> <!-- salespack.SalesAreasTest -->
      <class name="inventory.InventoryLocationsTest">
        <test-method is-config="true" signature="Launchapplication()[pri:0, instance:inventory.InventoryLocationsTest@6631f5ca]" started-at="2020-10-15T15:32:29 IST" name="Launchapplication" finished-at="2020-10-15T15:32:36 IST" duration-ms="7022" status="PASS">
          <reporter-output>
          </reporter-output>
        </test-method> <!-- Launchapplication -->
        <test-method signature="Login()[pri:1, instance:inventory.InventoryLocationsTest@6631f5ca]" started-at="2020-10-15T15:32:36 IST" name="Login" finished-at="2020-10-15T15:32:40 IST" duration-ms="3868" status="PASS">
          <reporter-output>
          </reporter-output>
        </test-method> <!-- Login -->
        <test-method signature="Inventorylocation()[pri:2, instance:inventory.InventoryLocationsTest@6631f5ca]" started-at="2020-10-15T15:32:40 IST" name="Inventorylocation" finished-at="2020-10-15T15:32:47 IST" duration-ms="7435" status="PASS">
          <reporter-output>
          </reporter-output>
        </test-method> <!-- Inventorylocation -->
        <test-method signature="Logout()[pri:3, instance:inventory.InventoryLocationsTest@6631f5ca]" started-at="2020-10-15T15:32:47 IST" name="Logout" finished-at="2020-10-15T15:32:48 IST" duration-ms="383" status="PASS">
          <reporter-output>
          </reporter-output>
        </test-method> <!-- Logout -->
        <test-method is-config="true" signature="closure()[pri:0, instance:inventory.InventoryLocationsTest@6631f5ca]" started-at="2020-10-15T15:32:48 IST" name="closure" finished-at="2020-10-15T15:32:48 IST" duration-ms="46" status="PASS">
          <reporter-output>
          </reporter-output>
        </test-method> <!-- closure -->
      </class> <!-- inventory.InventoryLocationsTest -->
      <class name="salespack.SalespersonTest">
        <test-method is-config="true" signature="Launchapplication()[pri:0, instance:salespack.SalespersonTest@4e096385]" started-at="2020-10-15T15:33:54 IST" name="Launchapplication" finished-at="2020-10-15T15:34:00 IST" duration-ms="6160" status="PASS">
          <reporter-output>
          </reporter-output>
        </test-method> <!-- Launchapplication -->
        <test-method signature="Login()[pri:1, instance:salespack.SalespersonTest@4e096385]" started-at="2020-10-15T15:34:00 IST" name="Login" finished-at="2020-10-15T15:34:02 IST" duration-ms="1696" status="PASS">
          <reporter-output>
          </reporter-output>
        </test-method> <!-- Login -->
        <test-method signature="AddSalesPersons()[pri:2, instance:salespack.SalespersonTest@4e096385]" started-at="2020-10-15T15:34:02 IST" name="AddSalesPersons" finished-at="2020-10-15T15:34:08 IST" duration-ms="5692" status="PASS">
          <reporter-output>
          </reporter-output>
        </test-method> <!-- AddSalesPersons -->
        <test-method signature="Logout()[pri:3, instance:salespack.SalespersonTest@4e096385]" started-at="2020-10-15T15:34:08 IST" name="Logout" finished-at="2020-10-15T15:34:08 IST" duration-ms="264" status="PASS">
          <reporter-output>
          </reporter-output>
        </test-method> <!-- Logout -->
        <test-method is-config="true" signature="teardown()[pri:0, instance:salespack.SalespersonTest@4e096385]" started-at="2020-10-15T15:34:08 IST" name="teardown" finished-at="2020-10-15T15:34:08 IST" duration-ms="47" status="PASS">
          <reporter-output>
          </reporter-output>
        </test-method> <!-- teardown -->
      </class> <!-- salespack.SalespersonTest -->
    </test> <!-- Test -->
  </suite> <!-- Suite -->
</testng-results>
