<?xml version="1.0" encoding="UTF-8"?>
<testng-results ignored="0" total="2" passed="2" failed="0" skipped="0">
  <reporter-output>
  </reporter-output>
  <suite started-at="2020-10-20T14:44:29 IST" name="Default suite" finished-at="2020-10-20T14:44:50 IST" duration-ms="20971">
    <groups>
    </groups>
    <test started-at="2020-10-20T14:44:29 IST" name="Default test" finished-at="2020-10-20T14:44:50 IST" duration-ms="20971">
      <class name="Bankingandgeneralledger.GLAccountTest">
        <test-method is-config="true" signature="Launchbrowser()[pri:0, instance:Bankingandgeneralledger.GLAccountTest@59af0466]" started-at="2020-10-20T14:44:29 IST" name="Launchbrowser" finished-at="2020-10-20T14:44:37 IST" duration-ms="7868" status="PASS">
          <reporter-output>
          </reporter-output>
        </test-method> <!-- Launchbrowser -->
        <test-method signature="login()[pri:1, instance:Bankingandgeneralledger.GLAccountTest@59af0466]" started-at="2020-10-20T14:44:37 IST" name="login" finished-at="2020-10-20T14:44:39 IST" duration-ms="2037" status="PASS">
          <reporter-output>
          </reporter-output>
        </test-method> <!-- login -->
        <test-method signature="AddGLAccount()[pri:2, instance:Bankingandgeneralledger.GLAccountTest@59af0466]" started-at="2020-10-20T14:44:39 IST" name="AddGLAccount" finished-at="2020-10-20T14:44:50 IST" duration-ms="11032" status="PASS">
          <reporter-output>
          </reporter-output>
        </test-method> <!-- AddGLAccount -->
      </class> <!-- Bankingandgeneralledger.GLAccountTest -->
    </test> <!-- Default test -->
  </suite> <!-- Default suite -->
</testng-results>
